[16:14:57] [ServerMain/INFO]: [bootstrap] Running Java 21 (OpenJDK 64-Bit Server VM 21.0.8+9; Arch Linux null) on Linux 6.14.6-arch1-1 (amd64)
[16:14:57] [ServerMain/INFO]: [bootstrap] Loading Paper 1.21.8-32-main@f0c1f85 (2025-08-14T17:02:35Z) for Minecraft 1.21.8
[16:14:57] [ServerMain/INFO]: [PluginInitializerManager] Initializing plugins...
[16:14:58] [ServerMain/INFO]: [PluginInitializerManager] Initialized 0 plugins
[16:15:09] [ServerMain/INFO]: Environment: Environment[sessionHost=https://sessionserver.mojang.com, servicesHost=https://api.minecraftservices.com, name=PROD]
[16:15:09] [ServerMain/INFO]: Found new data pack file/bukkit, loading it automatically
[16:15:09] [ServerMain/INFO]: Found new data pack paper, loading it automatically
[16:15:11] [ServerMain/INFO]: No existing world data, creating new world
[16:15:13] [ServerMain/INFO]: Loaded 1407 recipes
[16:15:13] [ServerMain/INFO]: Loaded 1520 advancements
[16:15:13] [ServerMain/INFO]: [ca.spottedleaf.dataconverter.minecraft.datatypes.MCTypeRegistry] Initialising converters for DataConverter...
[16:15:14] [ServerMain/INFO]: [ca.spottedleaf.dataconverter.minecraft.datatypes.MCTypeRegistry] Finished initialising converters for DataConverter in 1,059.1ms
[16:15:14] [Server thread/INFO]: Starting minecraft server version 1.21.8
[16:15:14] [Server thread/WARN]: ****************************
[16:15:14] [Server thread/WARN]: YOU ARE RUNNING THIS SERVER AS AN ADMINISTRATIVE OR ROOT USER. THIS IS NOT ADVISED.
[16:15:14] [Server thread/WARN]: YOU ARE OPENING YOURSELF UP TO POTENTIAL RISKS WHEN DOING THIS.
[16:15:14] [Server thread/WARN]: FOR MORE INFORMATION, SEE https://madelinemiller.dev/blog/root-minecraft-server/
[16:15:14] [Server thread/WARN]: ****************************
[16:15:14] [Server thread/INFO]: Loading properties
[16:15:14] [Server thread/INFO]: This server is running Paper version 1.21.8-32-main@f0c1f85 (2025-08-14T17:02:35Z) (Implementing API version 1.21.8-R0.1-SNAPSHOT)
[16:15:15] [Server thread/INFO]: [spark] This server bundles the spark profiler. For more information please visit https://docs.papermc.io/paper/profiling
[16:15:15] [Server thread/INFO]: Server Ping Player Sample Count: 12
[16:15:15] [Server thread/INFO]: Using 4 threads for Netty based IO
[16:15:16] [Server thread/INFO]: [MoonriseCommon] Paper is using 1 worker threads, 1 I/O threads
[16:15:16] [Server thread/INFO]: [ChunkTaskScheduler] Chunk system is using population gen parallelism: true
[16:15:17] [Server thread/INFO]: Default game type: SURVIVAL
[16:15:17] [Server thread/INFO]: Generating keypair
[16:15:17] [Server thread/INFO]: Starting Minecraft server on *:25565
[16:15:17] [Server thread/INFO]: Using epoll channel type
[16:15:17] [Server thread/INFO]: Paper: Using libdeflate (Linux x86_64) compression from Velocity.
[16:15:17] [Server thread/INFO]: Paper: Using OpenSSL 3.x.x (Linux x86_64) cipher from Velocity.
[16:15:17] [Server thread/INFO]: Preparing level "world"
[16:15:34] [Server thread/INFO]: Preparing start region for dimension minecraft:overworld
[16:15:34] [Server thread/INFO]: Preparing spawn area: 2%
[16:15:35] [Server thread/INFO]: Preparing spawn area: 2%
[16:15:35] [Server thread/INFO]: Preparing spawn area: 2%
[16:15:36] [Server thread/INFO]: Preparing spawn area: 2%
[16:15:36] [Server thread/INFO]: Preparing spawn area: 2%
[16:15:36] [Server thread/INFO]: Preparing spawn area: 2%
[16:15:37] [Server thread/INFO]: Preparing spawn area: 2%
[16:15:38] [Server thread/INFO]: Preparing spawn area: 8%
[16:15:38] [Server thread/INFO]: Preparing spawn area: 12%
[16:15:39] [Server thread/INFO]: Preparing spawn area: 18%
[16:15:39] [Server thread/INFO]: Preparing spawn area: 18%
[16:15:40] [Server thread/INFO]: Preparing spawn area: 18%
[16:15:40] [Server thread/INFO]: Preparing spawn area: 18%
[16:15:40] [Server thread/INFO]: Preparing spawn area: 18%
[16:15:42] [Server thread/INFO]: Preparing spawn area: 34%
[16:15:42] [Server thread/INFO]: Preparing spawn area: 34%
[16:15:42] [Server thread/INFO]: Preparing spawn area: 34%
[16:15:43] [Server thread/INFO]: Preparing spawn area: 51%
[16:15:43] [Server thread/INFO]: Preparing spawn area: 51%
[16:15:44] [Server thread/INFO]: Preparing spawn area: 51%
[16:15:44] [Server thread/INFO]: Preparing spawn area: 73%
[16:15:45] [Server thread/INFO]: Preparing spawn area: 73%
[16:15:45] [Server thread/INFO]: Time elapsed: 10696 ms
[16:15:45] [Server thread/INFO]: Preparing start region for dimension minecraft:the_nether
[16:15:45] [Server thread/INFO]: Preparing spawn area: 2%
[16:15:45] [Server thread/INFO]: Preparing spawn area: 4%
[16:15:46] [Server thread/INFO]: Preparing spawn area: 12%
[16:15:46] [Server thread/INFO]: Preparing spawn area: 24%
[16:15:47] [Server thread/INFO]: Preparing spawn area: 51%
[16:15:47] [Server thread/INFO]: Preparing spawn area: 61%
[16:15:48] [Server thread/INFO]: Time elapsed: 2923 ms
[16:15:48] [Server thread/INFO]: Preparing start region for dimension minecraft:the_end
[16:15:48] [Server thread/INFO]: Preparing spawn area: 2%
[16:15:48] [Server thread/INFO]: Preparing spawn area: 18%
[16:15:49] [Server thread/INFO]: Time elapsed: 928 ms
[16:15:49] [Server thread/INFO]: [spark] Starting background profiler...
[16:15:49] [Server thread/INFO]: Done preparing level "world" (31.828s)
[16:15:49] [Server thread/INFO]: Running delayed init tasks
[16:15:49] [Server thread/INFO]: Done (54.283s)! For help, type "help"
[16:15:49] [Server thread/INFO]: *************************************************************************************
[16:15:49] [Server thread/INFO]: This is the first time you're starting this server.
[16:15:49] [Server thread/INFO]: It's recommended you read our 'Getting Started' documentation for guidance.
[16:15:49] [Server thread/INFO]: View this and more helpful information here: https://docs.papermc.io/paper/next-steps
[16:15:49] [Server thread/INFO]: *************************************************************************************
[16:42:28] [Server thread/INFO]: Stopping server
[16:42:28] [SIGCONT handler/WARN]: Exception in thread "SIGCONT handler" java.io.IOError: java.io.IOException: Error calling ioctl(TIOCGWINSZ): return code is -1
[16:42:28] [SIGCONT handler/WARN]: 	at org.jline.terminal.impl.AbstractPosixTerminal.getSize(AbstractPosixTerminal.java:65)
[16:42:28] [SIGCONT handler/WARN]: 	at org.jline.terminal.Terminal.getBufferSize(Terminal.java:273)
[16:42:28] [SIGCONT handler/WARN]: 	at org.jline.reader.impl.LineReaderImpl.handleSignal(LineReaderImpl.java:1160)
[16:42:28] [SIGCONT handler/WARN]: 	at org.jline.terminal.impl.AbstractTerminal.raise(AbstractTerminal.java:96)
[16:42:28] [SIGCONT handler/WARN]: 	at org.jline.terminal.impl.PosixSysTerminal.lambda$handle$1(PosixSysTerminal.java:68)
[16:42:28] [SIGCONT handler/WARN]: 	at org.jline.utils.Signals.lambda$register$1(Signals.java:52)
[16:42:28] [SIGCONT handler/WARN]: 	at jdk.proxy2/jdk.proxy2.$Proxy66.handle(Unknown Source)
[16:42:28] [SIGCONT handler/WARN]: 	at jdk.unsupported/sun.misc.Signal$InternalMiscHandler.handle(Unknown Source)
[16:42:28] [SIGCONT handler/WARN]: 	at java.base/jdk.internal.misc.Signal$1.run(Unknown Source)
[16:42:28] [SIGCONT handler/WARN]: 	at java.base/java.lang.Thread.run(Unknown Source)
[16:42:28] [SIGCONT handler/WARN]: Caused by: java.io.IOException: Error calling ioctl(TIOCGWINSZ): return code is -1
[16:42:28] [SIGCONT handler/WARN]: 	at org.jline.terminal.impl.jni.JniNativePty.getSize(JniNativePty.java:155)
[16:42:28] [SIGCONT handler/WARN]: 	at org.jline.terminal.impl.AbstractPosixTerminal.getSize(AbstractPosixTerminal.java:63)
[16:42:28] [SIGCONT handler/WARN]: 	... 9 more
[16:42:28] [Server thread/INFO]: Saving players
[16:42:28] [Server console handler/ERROR]: Caught previously unhandled exception :
java.io.IOError: java.io.IOException: Input/output error
	at org.jline.keymap.BindingReader.readCharacter(BindingReader.java:170) ~[jline-reader-3.20.0.jar:?]
	at org.jline.keymap.BindingReader.readBinding(BindingReader.java:110) ~[jline-reader-3.20.0.jar:?]
	at org.jline.keymap.BindingReader.readBinding(BindingReader.java:61) ~[jline-reader-3.20.0.jar:?]
	at org.jline.reader.impl.LineReaderImpl.doReadBinding(LineReaderImpl.java:923) ~[jline-reader-3.20.0.jar:?]
	at org.jline.reader.impl.LineReaderImpl.readBinding(LineReaderImpl.java:956) ~[jline-reader-3.20.0.jar:?]
	at org.jline.reader.impl.LineReaderImpl.readLine(LineReaderImpl.java:651) ~[jline-reader-3.20.0.jar:?]
	at org.jline.reader.impl.LineReaderImpl.readLine(LineReaderImpl.java:468) ~[jline-reader-3.20.0.jar:?]
	at net.minecrell.terminalconsole.SimpleTerminalConsole.readCommands(SimpleTerminalConsole.java:158) ~[terminalconsoleappender-1.3.0.jar:?]
	at net.minecrell.terminalconsole.SimpleTerminalConsole.start(SimpleTerminalConsole.java:141) ~[terminalconsoleappender-1.3.0.jar:?]
	at net.minecraft.server.dedicated.DedicatedServer$1.run(DedicatedServer.java:108) ~[paper-1.21.8.jar:1.21.8-32-f0c1f85]
Caused by: java.io.IOException: Input/output error
	at java.base/java.io.FileInputStream.read0(Native Method) ~[?:?]
	at java.base/java.io.FileInputStream.read(Unknown Source) ~[?:?]
	at java.base/java.io.FilterInputStream.read(Unknown Source) ~[?:?]
	at org.jline.terminal.impl.AbstractPty$1.read(AbstractPty.java:58) ~[jline-terminal-3.27.1.jar:?]
	at org.jline.terminal.impl.AbstractPty$PtyInputStream.read(AbstractPty.java:124) ~[jline-terminal-3.27.1.jar:?]
	at org.jline.utils.NonBlockingInputStream.read(NonBlockingInputStream.java:62) ~[jline-terminal-3.27.1.jar:?]
	at org.jline.utils.NonBlocking$NonBlockingInputStreamReader.read(NonBlocking.java:157) ~[jline-terminal-3.27.1.jar:?]
	at org.jline.utils.NonBlockingReader.read(NonBlockingReader.java:56) ~[jline-terminal-3.27.1.jar:?]
	at org.jline.keymap.BindingReader.readCharacter(BindingReader.java:160) ~[jline-reader-3.20.0.jar:?]
	... 9 more
[16:42:28] [Server thread/INFO]: Saving worlds
[16:42:28] [Server thread/INFO]: Saving chunks for level 'ServerLevel[world]'/minecraft:overworld
[16:42:28] [Server thread/INFO]: [ChunkHolderManager] Waiting 60s for chunk system to halt for world 'world'
[16:42:28] [Server thread/INFO]: [ChunkHolderManager] Halted chunk system for world 'world'
[16:42:28] [Server thread/INFO]: [ChunkHolderManager] Saving all chunkholders for world 'world'
[16:42:30] [Server thread/INFO]: [ChunkHolderManager] Saved 793 block chunks, 3 entity chunks, 0 poi chunks in world 'world' in 1.96s
[16:42:30] [Server thread/INFO]: [ChunkHolderManager] Waiting 60s for chunk I/O to halt for world 'world'
[16:42:30] [Server thread/INFO]: [ChunkHolderManager] Halted I/O scheduler for world 'world'
[16:42:30] [Server thread/INFO]: Saving chunks for level 'ServerLevel[world_nether]'/minecraft:the_nether
[16:42:30] [Server thread/INFO]: [ChunkHolderManager] Waiting 60s for chunk system to halt for world 'world_nether'
[16:42:30] [Server thread/INFO]: [ChunkHolderManager] Halted chunk system for world 'world_nether'
[16:42:30] [Server thread/INFO]: [ChunkHolderManager] Saving all chunkholders for world 'world_nether'
[16:42:31] [Server thread/INFO]: [ChunkHolderManager] Saved 792 block chunks, 1 entity chunks, 0 poi chunks in world 'world_nether' in 0.80s
[16:42:31] [Server thread/INFO]: [ChunkHolderManager] Waiting 60s for chunk I/O to halt for world 'world_nether'
[16:42:31] [Server thread/INFO]: [ChunkHolderManager] Halted I/O scheduler for world 'world_nether'
[16:42:31] [Server thread/INFO]: Saving chunks for level 'ServerLevel[world_the_end]'/minecraft:the_end
[16:42:31] [Server thread/INFO]: [ChunkHolderManager] Waiting 60s for chunk system to halt for world 'world_the_end'
[16:42:31] [Server thread/INFO]: [ChunkHolderManager] Halted chunk system for world 'world_the_end'
[16:42:31] [Server thread/INFO]: [ChunkHolderManager] Saving all chunkholders for world 'world_the_end'
[16:42:31] [Server thread/INFO]: [ChunkHolderManager] Saved 792 block chunks, 10 entity chunks, 0 poi chunks in world 'world_the_end' in 0.37s
[16:42:31] [Server thread/INFO]: [ChunkHolderManager] Waiting 60s for chunk I/O to halt for world 'world_the_end'
[16:42:31] [Server thread/INFO]: [ChunkHolderManager] Halted I/O scheduler for world 'world_the_end'
[16:42:31] [Server thread/INFO]: ThreadedAnvilChunkStorage (world): All chunks are saved
[16:42:31] [Server thread/INFO]: ThreadedAnvilChunkStorage (DIM-1): All chunks are saved
[16:42:31] [Server thread/INFO]: ThreadedAnvilChunkStorage (DIM1): All chunks are saved
[16:42:31] [Server thread/INFO]: ThreadedAnvilChunkStorage: All dimensions are saved
[16:42:31] [Server thread/INFO]: Waiting for all RegionFile I/O tasks to complete...
[16:42:31] [Server thread/INFO]: All RegionFile I/O tasks to complete
[16:42:31] [Server thread/INFO]: [MoonriseCommon] Awaiting termination of worker pool for up to 60s...
[16:42:31] [Server thread/INFO]: [MoonriseCommon] Awaiting termination of I/O pool for up to 60s...
